
/home/kevin/coding/c/led_controller/build_avr/bin/Led_BlinkTwo.elf:     file format elf32-avr

Sections:
Idx Name          Size      VMA       LMA       File off  Algn
  0 .text         0000075a  00000000  00000000  00000094  2**1
                  CONTENTS, ALLOC, LOAD, READONLY, CODE
  1 .data         00000042  00800060  0000075a  000007ee  2**0
                  CONTENTS, ALLOC, LOAD, DATA
  2 .bss          0000000c  008000a2  008000a2  00000830  2**0
                  ALLOC
  3 .comment      0000005c  00000000  00000000  00000830  2**0
                  CONTENTS, READONLY

Disassembly of section .text:

00000000 <__vectors>:
   0:	4e c0       	rjmp	.+156    	; 0x9e <__ctors_end>
   2:	68 c0       	rjmp	.+208    	; 0xd4 <__bad_interrupt>
   4:	67 c0       	rjmp	.+206    	; 0xd4 <__bad_interrupt>
   6:	66 c0       	rjmp	.+204    	; 0xd4 <__bad_interrupt>
   8:	65 c0       	rjmp	.+202    	; 0xd4 <__bad_interrupt>
   a:	64 c0       	rjmp	.+200    	; 0xd4 <__bad_interrupt>
   c:	63 c0       	rjmp	.+198    	; 0xd4 <__bad_interrupt>
   e:	62 c0       	rjmp	.+196    	; 0xd4 <__bad_interrupt>
  10:	61 c0       	rjmp	.+194    	; 0xd4 <__bad_interrupt>
  12:	60 c0       	rjmp	.+192    	; 0xd4 <__bad_interrupt>
  14:	5f c0       	rjmp	.+190    	; 0xd4 <__bad_interrupt>
  16:	5e c0       	rjmp	.+188    	; 0xd4 <__bad_interrupt>
  18:	5d c0       	rjmp	.+186    	; 0xd4 <__bad_interrupt>
  1a:	5c c0       	rjmp	.+184    	; 0xd4 <__bad_interrupt>
  1c:	f0 c1       	rjmp	.+992    	; 0x3fe <__vector_14>
  1e:	5a c0       	rjmp	.+180    	; 0xd4 <__bad_interrupt>
  20:	59 c0       	rjmp	.+178    	; 0xd4 <__bad_interrupt>
  22:	58 c0       	rjmp	.+176    	; 0xd4 <__bad_interrupt>
  24:	57 c0       	rjmp	.+174    	; 0xd4 <__bad_interrupt>
  26:	73 c1       	rjmp	.+742    	; 0x30e <ATtiny861_GpioMap_GetDdrRegister+0x1e>
  28:	72 c1       	rjmp	.+740    	; 0x30e <ATtiny861_GpioMap_GetDdrRegister+0x1e>
  2a:	71 c1       	rjmp	.+738    	; 0x30e <ATtiny861_GpioMap_GetDdrRegister+0x1e>
  2c:	70 c1       	rjmp	.+736    	; 0x30e <ATtiny861_GpioMap_GetDdrRegister+0x1e>
  2e:	6c c1       	rjmp	.+728    	; 0x308 <ATtiny861_GpioMap_GetDdrRegister+0x18>
  30:	6b c1       	rjmp	.+726    	; 0x308 <ATtiny861_GpioMap_GetDdrRegister+0x18>
  32:	6d c1       	rjmp	.+730    	; 0x30e <ATtiny861_GpioMap_GetDdrRegister+0x1e>
  34:	6c c1       	rjmp	.+728    	; 0x30e <ATtiny861_GpioMap_GetDdrRegister+0x1e>
  36:	6b c1       	rjmp	.+726    	; 0x30e <ATtiny861_GpioMap_GetDdrRegister+0x1e>
  38:	6a c1       	rjmp	.+724    	; 0x30e <ATtiny861_GpioMap_GetDdrRegister+0x1e>
  3a:	63 c1       	rjmp	.+710    	; 0x302 <ATtiny861_GpioMap_GetDdrRegister+0x12>
  3c:	62 c1       	rjmp	.+708    	; 0x302 <ATtiny861_GpioMap_GetDdrRegister+0x12>
  3e:	61 c1       	rjmp	.+706    	; 0x302 <ATtiny861_GpioMap_GetDdrRegister+0x12>
  40:	60 c1       	rjmp	.+704    	; 0x302 <ATtiny861_GpioMap_GetDdrRegister+0x12>
  42:	62 c1       	rjmp	.+708    	; 0x308 <ATtiny861_GpioMap_GetDdrRegister+0x18>
  44:	61 c1       	rjmp	.+706    	; 0x308 <ATtiny861_GpioMap_GetDdrRegister+0x18>
  46:	5d c1       	rjmp	.+698    	; 0x302 <ATtiny861_GpioMap_GetDdrRegister+0x12>
  48:	5c c1       	rjmp	.+696    	; 0x302 <ATtiny861_GpioMap_GetDdrRegister+0x12>
  4a:	5b c1       	rjmp	.+694    	; 0x302 <ATtiny861_GpioMap_GetDdrRegister+0x12>
  4c:	5a c1       	rjmp	.+692    	; 0x302 <ATtiny861_GpioMap_GetDdrRegister+0x12>
  4e:	71 c1       	rjmp	.+738    	; 0x332 <ATtiny861_GpioMap_GetPortRegister+0x1e>
  50:	70 c1       	rjmp	.+736    	; 0x332 <ATtiny861_GpioMap_GetPortRegister+0x1e>
  52:	6f c1       	rjmp	.+734    	; 0x332 <ATtiny861_GpioMap_GetPortRegister+0x1e>
  54:	6e c1       	rjmp	.+732    	; 0x332 <ATtiny861_GpioMap_GetPortRegister+0x1e>
  56:	6a c1       	rjmp	.+724    	; 0x32c <ATtiny861_GpioMap_GetPortRegister+0x18>
  58:	69 c1       	rjmp	.+722    	; 0x32c <ATtiny861_GpioMap_GetPortRegister+0x18>
  5a:	6b c1       	rjmp	.+726    	; 0x332 <ATtiny861_GpioMap_GetPortRegister+0x1e>
  5c:	6a c1       	rjmp	.+724    	; 0x332 <ATtiny861_GpioMap_GetPortRegister+0x1e>
  5e:	69 c1       	rjmp	.+722    	; 0x332 <ATtiny861_GpioMap_GetPortRegister+0x1e>
  60:	68 c1       	rjmp	.+720    	; 0x332 <ATtiny861_GpioMap_GetPortRegister+0x1e>
  62:	61 c1       	rjmp	.+706    	; 0x326 <ATtiny861_GpioMap_GetPortRegister+0x12>
  64:	60 c1       	rjmp	.+704    	; 0x326 <ATtiny861_GpioMap_GetPortRegister+0x12>
  66:	5f c1       	rjmp	.+702    	; 0x326 <ATtiny861_GpioMap_GetPortRegister+0x12>
  68:	5e c1       	rjmp	.+700    	; 0x326 <ATtiny861_GpioMap_GetPortRegister+0x12>
  6a:	60 c1       	rjmp	.+704    	; 0x32c <ATtiny861_GpioMap_GetPortRegister+0x18>
  6c:	5f c1       	rjmp	.+702    	; 0x32c <ATtiny861_GpioMap_GetPortRegister+0x18>
  6e:	5b c1       	rjmp	.+694    	; 0x326 <ATtiny861_GpioMap_GetPortRegister+0x12>
  70:	5a c1       	rjmp	.+692    	; 0x326 <ATtiny861_GpioMap_GetPortRegister+0x12>
  72:	59 c1       	rjmp	.+690    	; 0x326 <ATtiny861_GpioMap_GetPortRegister+0x12>
  74:	58 c1       	rjmp	.+688    	; 0x326 <ATtiny861_GpioMap_GetPortRegister+0x12>
  76:	85 c1       	rjmp	.+778    	; 0x382 <ATtiny861_GpioMap_GetPinRegister+0x1e>
  78:	84 c1       	rjmp	.+776    	; 0x382 <ATtiny861_GpioMap_GetPinRegister+0x1e>
  7a:	83 c1       	rjmp	.+774    	; 0x382 <ATtiny861_GpioMap_GetPinRegister+0x1e>
  7c:	82 c1       	rjmp	.+772    	; 0x382 <ATtiny861_GpioMap_GetPinRegister+0x1e>
  7e:	7e c1       	rjmp	.+764    	; 0x37c <ATtiny861_GpioMap_GetPinRegister+0x18>
  80:	7d c1       	rjmp	.+762    	; 0x37c <ATtiny861_GpioMap_GetPinRegister+0x18>
  82:	7f c1       	rjmp	.+766    	; 0x382 <ATtiny861_GpioMap_GetPinRegister+0x1e>
  84:	7e c1       	rjmp	.+764    	; 0x382 <ATtiny861_GpioMap_GetPinRegister+0x1e>
  86:	7d c1       	rjmp	.+762    	; 0x382 <ATtiny861_GpioMap_GetPinRegister+0x1e>
  88:	7c c1       	rjmp	.+760    	; 0x382 <ATtiny861_GpioMap_GetPinRegister+0x1e>
  8a:	75 c1       	rjmp	.+746    	; 0x376 <ATtiny861_GpioMap_GetPinRegister+0x12>
  8c:	74 c1       	rjmp	.+744    	; 0x376 <ATtiny861_GpioMap_GetPinRegister+0x12>
  8e:	73 c1       	rjmp	.+742    	; 0x376 <ATtiny861_GpioMap_GetPinRegister+0x12>
  90:	72 c1       	rjmp	.+740    	; 0x376 <ATtiny861_GpioMap_GetPinRegister+0x12>
  92:	74 c1       	rjmp	.+744    	; 0x37c <ATtiny861_GpioMap_GetPinRegister+0x18>
  94:	73 c1       	rjmp	.+742    	; 0x37c <ATtiny861_GpioMap_GetPinRegister+0x18>
  96:	6f c1       	rjmp	.+734    	; 0x376 <ATtiny861_GpioMap_GetPinRegister+0x12>
  98:	6e c1       	rjmp	.+732    	; 0x376 <ATtiny861_GpioMap_GetPinRegister+0x12>
  9a:	6d c1       	rjmp	.+730    	; 0x376 <ATtiny861_GpioMap_GetPinRegister+0x12>
  9c:	6c c1       	rjmp	.+728    	; 0x376 <ATtiny861_GpioMap_GetPinRegister+0x12>

0000009e <__ctors_end>:
  9e:	11 24       	eor	r1, r1
  a0:	1f be       	out	0x3f, r1	; 63
  a2:	cf e5       	ldi	r28, 0x5F	; 95
  a4:	d2 e0       	ldi	r29, 0x02	; 2
  a6:	de bf       	out	0x3e, r29	; 62
  a8:	cd bf       	out	0x3d, r28	; 61

000000aa <__do_copy_data>:
  aa:	10 e0       	ldi	r17, 0x00	; 0
  ac:	a0 e6       	ldi	r26, 0x60	; 96
  ae:	b0 e0       	ldi	r27, 0x00	; 0
  b0:	ea e5       	ldi	r30, 0x5A	; 90
  b2:	f7 e0       	ldi	r31, 0x07	; 7
  b4:	02 c0       	rjmp	.+4      	; 0xba <__do_copy_data+0x10>
  b6:	05 90       	lpm	r0, Z+
  b8:	0d 92       	st	X+, r0
  ba:	a2 3a       	cpi	r26, 0xA2	; 162
  bc:	b1 07       	cpc	r27, r17
  be:	d9 f7       	brne	.-10     	; 0xb6 <__do_copy_data+0xc>

000000c0 <__do_clear_bss>:
  c0:	20 e0       	ldi	r18, 0x00	; 0
  c2:	a2 ea       	ldi	r26, 0xA2	; 162
  c4:	b0 e0       	ldi	r27, 0x00	; 0
  c6:	01 c0       	rjmp	.+2      	; 0xca <.do_clear_bss_start>

000000c8 <.do_clear_bss_loop>:
  c8:	1d 92       	st	X+, r1

000000ca <.do_clear_bss_start>:
  ca:	ae 3a       	cpi	r26, 0xAE	; 174
  cc:	b2 07       	cpc	r27, r18
  ce:	e1 f7       	brne	.-8      	; 0xc8 <.do_clear_bss_loop>
  d0:	bf d1       	rcall	.+894    	; 0x450 <main>
  d2:	41 c3       	rjmp	.+1666   	; 0x756 <_exit>

000000d4 <__bad_interrupt>:
  d4:	95 cf       	rjmp	.-214    	; 0x0 <__vectors>

000000d6 <timer_callback>:
  d6:	80 91 a4 00 	lds	r24, 0x00A4
  da:	90 91 a5 00 	lds	r25, 0x00A5
  de:	48 d0       	rcall	.+144    	; 0x170 <Led_Toggle>
  e0:	80 91 a2 00 	lds	r24, 0x00A2
  e4:	90 91 a3 00 	lds	r25, 0x00A3
  e8:	43 c0       	rjmp	.+134    	; 0x170 <Led_Toggle>

000000ea <Led_Create>:
  ea:	1f 93       	push	r17
  ec:	cf 93       	push	r28
  ee:	df 93       	push	r29
  f0:	18 2f       	mov	r17, r24
  f2:	61 e0       	ldi	r22, 0x01	; 1
  f4:	70 e0       	ldi	r23, 0x00	; 0
  f6:	81 e0       	ldi	r24, 0x01	; 1
  f8:	90 e0       	ldi	r25, 0x00	; 0
  fa:	da d1       	rcall	.+948    	; 0x4b0 <calloc>
  fc:	ec 01       	movw	r28, r24
  fe:	18 83       	st	Y, r17
 100:	60 e0       	ldi	r22, 0x00	; 0
 102:	81 2f       	mov	r24, r17
 104:	64 d0       	rcall	.+200    	; 0x1ce <ATtiny861_GpioSetAsOutput>
 106:	ce 01       	movw	r24, r28
 108:	df 91       	pop	r29
 10a:	cf 91       	pop	r28
 10c:	1f 91       	pop	r17
 10e:	08 95       	ret

00000110 <Led_Destroy>:
 110:	cf 93       	push	r28
 112:	df 93       	push	r29
 114:	ec 01       	movw	r28, r24
 116:	00 97       	sbiw	r24, 0x00	; 0
 118:	29 f0       	breq	.+10     	; 0x124 <Led_Destroy+0x14>
 11a:	88 81       	ld	r24, Y
 11c:	99 81       	ldd	r25, Y+1	; 0x01
 11e:	74 d2       	rcall	.+1256   	; 0x608 <free>
 120:	19 82       	std	Y+1, r1	; 0x01
 122:	18 82       	st	Y, r1
 124:	df 91       	pop	r29
 126:	cf 91       	pop	r28
 128:	08 95       	ret

0000012a <Led_GetState>:
 12a:	cf 93       	push	r28
 12c:	df 93       	push	r29
 12e:	eb 01       	movw	r28, r22
 130:	20 97       	sbiw	r28, 0x00	; 0
 132:	31 f0       	breq	.+12     	; 0x140 <Led_GetState+0x16>
 134:	fc 01       	movw	r30, r24
 136:	80 81       	ld	r24, Z
 138:	a6 d0       	rcall	.+332    	; 0x286 <ATtiny861_GpioGetState>
 13a:	88 83       	st	Y, r24
 13c:	80 e0       	ldi	r24, 0x00	; 0
 13e:	01 c0       	rjmp	.+2      	; 0x142 <Led_GetState+0x18>
 140:	8f ef       	ldi	r24, 0xFF	; 255
 142:	df 91       	pop	r29
 144:	cf 91       	pop	r28
 146:	08 95       	ret

00000148 <Led_TurnOn>:
 148:	00 97       	sbiw	r24, 0x00	; 0
 14a:	31 f0       	breq	.+12     	; 0x158 <Led_TurnOn+0x10>
 14c:	61 e0       	ldi	r22, 0x01	; 1
 14e:	fc 01       	movw	r30, r24
 150:	80 81       	ld	r24, Z
 152:	7d d0       	rcall	.+250    	; 0x24e <ATtiny861_GpioSetState>
 154:	80 e0       	ldi	r24, 0x00	; 0
 156:	08 95       	ret
 158:	8f ef       	ldi	r24, 0xFF	; 255
 15a:	08 95       	ret

0000015c <Led_TurnOff>:
 15c:	00 97       	sbiw	r24, 0x00	; 0
 15e:	31 f0       	breq	.+12     	; 0x16c <Led_TurnOff+0x10>
 160:	60 e0       	ldi	r22, 0x00	; 0
 162:	fc 01       	movw	r30, r24
 164:	80 81       	ld	r24, Z
 166:	73 d0       	rcall	.+230    	; 0x24e <ATtiny861_GpioSetState>
 168:	80 e0       	ldi	r24, 0x00	; 0
 16a:	08 95       	ret
 16c:	8f ef       	ldi	r24, 0xFF	; 255
 16e:	08 95       	ret

00000170 <Led_Toggle>:
 170:	00 97       	sbiw	r24, 0x00	; 0
 172:	29 f0       	breq	.+10     	; 0x17e <Led_Toggle+0xe>
 174:	fc 01       	movw	r30, r24
 176:	80 81       	ld	r24, Z
 178:	a1 d0       	rcall	.+322    	; 0x2bc <ATtiny861_GpioToggle>
 17a:	80 e0       	ldi	r24, 0x00	; 0
 17c:	08 95       	ret
 17e:	8f ef       	ldi	r24, 0xFF	; 255
 180:	08 95       	ret

00000182 <set_gpio_state>:
 182:	fc 01       	movw	r30, r24
 184:	00 97       	sbiw	r24, 0x00	; 0
 186:	e9 f0       	breq	.+58     	; 0x1c2 <set_gpio_state+0x40>
 188:	67 fd       	sbrc	r22, 7
 18a:	1d c0       	rjmp	.+58     	; 0x1c6 <set_gpio_state+0x44>
 18c:	41 30       	cpi	r20, 0x01	; 1
 18e:	59 f4       	brne	.+22     	; 0x1a6 <set_gpio_state+0x24>
 190:	20 81       	ld	r18, Z
 192:	81 e0       	ldi	r24, 0x01	; 1
 194:	90 e0       	ldi	r25, 0x00	; 0
 196:	06 2e       	mov	r0, r22
 198:	01 c0       	rjmp	.+2      	; 0x19c <set_gpio_state+0x1a>
 19a:	88 0f       	add	r24, r24
 19c:	0a 94       	dec	r0
 19e:	ea f7       	brpl	.-6      	; 0x19a <set_gpio_state+0x18>
 1a0:	28 2b       	or	r18, r24
 1a2:	20 83       	st	Z, r18
 1a4:	12 c0       	rjmp	.+36     	; 0x1ca <set_gpio_state+0x48>
 1a6:	41 11       	cpse	r20, r1
 1a8:	10 c0       	rjmp	.+32     	; 0x1ca <set_gpio_state+0x48>
 1aa:	20 81       	ld	r18, Z
 1ac:	81 e0       	ldi	r24, 0x01	; 1
 1ae:	90 e0       	ldi	r25, 0x00	; 0
 1b0:	06 2e       	mov	r0, r22
 1b2:	01 c0       	rjmp	.+2      	; 0x1b6 <set_gpio_state+0x34>
 1b4:	88 0f       	add	r24, r24
 1b6:	0a 94       	dec	r0
 1b8:	ea f7       	brpl	.-6      	; 0x1b4 <set_gpio_state+0x32>
 1ba:	80 95       	com	r24
 1bc:	82 23       	and	r24, r18
 1be:	80 83       	st	Z, r24
 1c0:	04 c0       	rjmp	.+8      	; 0x1ca <set_gpio_state+0x48>
 1c2:	8f ef       	ldi	r24, 0xFF	; 255
 1c4:	08 95       	ret
 1c6:	8e ef       	ldi	r24, 0xFE	; 254
 1c8:	08 95       	ret
 1ca:	80 e0       	ldi	r24, 0x00	; 0
 1cc:	08 95       	ret

000001ce <ATtiny861_GpioSetAsOutput>:
 1ce:	cf 92       	push	r12
 1d0:	df 92       	push	r13
 1d2:	ef 92       	push	r14
 1d4:	ff 92       	push	r15
 1d6:	0f 93       	push	r16
 1d8:	1f 93       	push	r17
 1da:	cf 93       	push	r28
 1dc:	df 93       	push	r29
 1de:	1f 92       	push	r1
 1e0:	cd b7       	in	r28, 0x3d	; 61
 1e2:	de b7       	in	r29, 0x3e	; 62
 1e4:	f8 2e       	mov	r15, r24
 1e6:	69 83       	std	Y+1, r22	; 0x01
 1e8:	83 d0       	rcall	.+262    	; 0x2f0 <ATtiny861_GpioMap_GetDdrRegister>
 1ea:	6c 01       	movw	r12, r24
 1ec:	8f 2d       	mov	r24, r15
 1ee:	a4 d0       	rcall	.+328    	; 0x338 <ATtiny861_GpioMap_GetDdrBit>
 1f0:	e8 2e       	mov	r14, r24
 1f2:	8f 2d       	mov	r24, r15
 1f4:	8f d0       	rcall	.+286    	; 0x314 <ATtiny861_GpioMap_GetPortRegister>
 1f6:	8c 01       	movw	r16, r24
 1f8:	8f 2d       	mov	r24, r15
 1fa:	a9 d0       	rcall	.+338    	; 0x34e <ATtiny861_GpioMap_GetPortBit>
 1fc:	49 81       	ldd	r20, Y+1	; 0x01
 1fe:	c1 14       	cp	r12, r1
 200:	d1 04       	cpc	r13, r1
 202:	a1 f0       	breq	.+40     	; 0x22c <ATtiny861_GpioSetAsOutput+0x5e>
 204:	e7 fc       	sbrc	r14, 7
 206:	14 c0       	rjmp	.+40     	; 0x230 <ATtiny861_GpioSetAsOutput+0x62>
 208:	f6 01       	movw	r30, r12
 20a:	90 81       	ld	r25, Z
 20c:	21 e0       	ldi	r18, 0x01	; 1
 20e:	30 e0       	ldi	r19, 0x00	; 0
 210:	0e 2c       	mov	r0, r14
 212:	01 c0       	rjmp	.+2      	; 0x216 <ATtiny861_GpioSetAsOutput+0x48>
 214:	22 0f       	add	r18, r18
 216:	0a 94       	dec	r0
 218:	ea f7       	brpl	.-6      	; 0x214 <ATtiny861_GpioSetAsOutput+0x46>
 21a:	92 2b       	or	r25, r18
 21c:	90 83       	st	Z, r25
 21e:	68 2f       	mov	r22, r24
 220:	c8 01       	movw	r24, r16
 222:	af df       	rcall	.-162    	; 0x182 <set_gpio_state>
 224:	18 16       	cp	r1, r24
 226:	2c f4       	brge	.+10     	; 0x232 <ATtiny861_GpioSetAsOutput+0x64>
 228:	80 e0       	ldi	r24, 0x00	; 0
 22a:	03 c0       	rjmp	.+6      	; 0x232 <ATtiny861_GpioSetAsOutput+0x64>
 22c:	8f ef       	ldi	r24, 0xFF	; 255
 22e:	01 c0       	rjmp	.+2      	; 0x232 <ATtiny861_GpioSetAsOutput+0x64>
 230:	8e ef       	ldi	r24, 0xFE	; 254
 232:	0f 90       	pop	r0
 234:	df 91       	pop	r29
 236:	cf 91       	pop	r28
 238:	1f 91       	pop	r17
 23a:	0f 91       	pop	r16
 23c:	ff 90       	pop	r15
 23e:	ef 90       	pop	r14
 240:	df 90       	pop	r13
 242:	cf 90       	pop	r12
 244:	08 95       	ret

00000246 <ATtiny861_GpioInit>:
 246:	8f ef       	ldi	r24, 0xFF	; 255
 248:	8b bb       	out	0x1b, r24	; 27
 24a:	88 bb       	out	0x18, r24	; 24
 24c:	08 95       	ret

0000024e <ATtiny861_GpioSetState>:
 24e:	ef 92       	push	r14
 250:	ff 92       	push	r15
 252:	1f 93       	push	r17
 254:	cf 93       	push	r28
 256:	df 93       	push	r29
 258:	1f 92       	push	r1
 25a:	cd b7       	in	r28, 0x3d	; 61
 25c:	de b7       	in	r29, 0x3e	; 62
 25e:	18 2f       	mov	r17, r24
 260:	69 83       	std	Y+1, r22	; 0x01
 262:	58 d0       	rcall	.+176    	; 0x314 <ATtiny861_GpioMap_GetPortRegister>
 264:	7c 01       	movw	r14, r24
 266:	81 2f       	mov	r24, r17
 268:	72 d0       	rcall	.+228    	; 0x34e <ATtiny861_GpioMap_GetPortBit>
 26a:	49 81       	ldd	r20, Y+1	; 0x01
 26c:	68 2f       	mov	r22, r24
 26e:	c7 01       	movw	r24, r14
 270:	88 df       	rcall	.-240    	; 0x182 <set_gpio_state>
 272:	18 16       	cp	r1, r24
 274:	0c f4       	brge	.+2      	; 0x278 <__stack+0x19>
 276:	80 e0       	ldi	r24, 0x00	; 0
 278:	0f 90       	pop	r0
 27a:	df 91       	pop	r29
 27c:	cf 91       	pop	r28
 27e:	1f 91       	pop	r17
 280:	ff 90       	pop	r15
 282:	ef 90       	pop	r14
 284:	08 95       	ret

00000286 <ATtiny861_GpioGetState>:
 286:	1f 93       	push	r17
 288:	cf 93       	push	r28
 28a:	df 93       	push	r29
 28c:	18 2f       	mov	r17, r24
 28e:	42 d0       	rcall	.+132    	; 0x314 <ATtiny861_GpioMap_GetPortRegister>
 290:	ec 01       	movw	r28, r24
 292:	00 97       	sbiw	r24, 0x00	; 0
 294:	11 f4       	brne	.+4      	; 0x29a <ATtiny861_GpioGetState+0x14>
 296:	8f ef       	ldi	r24, 0xFF	; 255
 298:	0d c0       	rjmp	.+26     	; 0x2b4 <ATtiny861_GpioGetState+0x2e>
 29a:	81 2f       	mov	r24, r17
 29c:	58 d0       	rcall	.+176    	; 0x34e <ATtiny861_GpioMap_GetPortBit>
 29e:	87 fd       	sbrc	r24, 7
 2a0:	fa cf       	rjmp	.-12     	; 0x296 <ATtiny861_GpioGetState+0x10>
 2a2:	28 81       	ld	r18, Y
 2a4:	30 e0       	ldi	r19, 0x00	; 0
 2a6:	02 c0       	rjmp	.+4      	; 0x2ac <ATtiny861_GpioGetState+0x26>
 2a8:	35 95       	asr	r19
 2aa:	27 95       	ror	r18
 2ac:	8a 95       	dec	r24
 2ae:	e2 f7       	brpl	.-8      	; 0x2a8 <ATtiny861_GpioGetState+0x22>
 2b0:	82 2f       	mov	r24, r18
 2b2:	81 70       	andi	r24, 0x01	; 1
 2b4:	df 91       	pop	r29
 2b6:	cf 91       	pop	r28
 2b8:	1f 91       	pop	r17
 2ba:	08 95       	ret

000002bc <ATtiny861_GpioToggle>:
 2bc:	1f 93       	push	r17
 2be:	cf 93       	push	r28
 2c0:	df 93       	push	r29
 2c2:	18 2f       	mov	r17, r24
 2c4:	4f d0       	rcall	.+158    	; 0x364 <ATtiny861_GpioMap_GetPinRegister>
 2c6:	ec 01       	movw	r28, r24
 2c8:	00 97       	sbiw	r24, 0x00	; 0
 2ca:	11 f4       	brne	.+4      	; 0x2d0 <ATtiny861_GpioToggle+0x14>
 2cc:	8f ef       	ldi	r24, 0xFF	; 255
 2ce:	0c c0       	rjmp	.+24     	; 0x2e8 <ATtiny861_GpioToggle+0x2c>
 2d0:	81 2f       	mov	r24, r17
 2d2:	5a d0       	rcall	.+180    	; 0x388 <ATtiny861_GpioMap_GetPinBit>
 2d4:	87 fd       	sbrc	r24, 7
 2d6:	fa cf       	rjmp	.-12     	; 0x2cc <ATtiny861_GpioToggle+0x10>
 2d8:	21 e0       	ldi	r18, 0x01	; 1
 2da:	30 e0       	ldi	r19, 0x00	; 0
 2dc:	01 c0       	rjmp	.+2      	; 0x2e0 <ATtiny861_GpioToggle+0x24>
 2de:	22 0f       	add	r18, r18
 2e0:	8a 95       	dec	r24
 2e2:	ea f7       	brpl	.-6      	; 0x2de <ATtiny861_GpioToggle+0x22>
 2e4:	28 83       	st	Y, r18
 2e6:	80 e0       	ldi	r24, 0x00	; 0
 2e8:	df 91       	pop	r29
 2ea:	cf 91       	pop	r28
 2ec:	1f 91       	pop	r17
 2ee:	08 95       	ret

000002f0 <ATtiny861_GpioMap_GetDdrRegister>:
 2f0:	90 e0       	ldi	r25, 0x00	; 0
 2f2:	fc 01       	movw	r30, r24
 2f4:	31 97       	sbiw	r30, 0x01	; 1
 2f6:	e4 31       	cpi	r30, 0x14	; 20
 2f8:	f1 05       	cpc	r31, r1
 2fa:	30 f4       	brcc	.+12     	; 0x308 <ATtiny861_GpioMap_GetDdrRegister+0x18>
 2fc:	ed 5e       	subi	r30, 0xED	; 237
 2fe:	ff 4f       	sbci	r31, 0xFF	; 255
 300:	09 94       	ijmp
 302:	8a e3       	ldi	r24, 0x3A	; 58
 304:	90 e0       	ldi	r25, 0x00	; 0
 306:	08 95       	ret
 308:	80 e0       	ldi	r24, 0x00	; 0
 30a:	90 e0       	ldi	r25, 0x00	; 0
 30c:	08 95       	ret
 30e:	87 e3       	ldi	r24, 0x37	; 55
 310:	90 e0       	ldi	r25, 0x00	; 0
 312:	08 95       	ret

00000314 <ATtiny861_GpioMap_GetPortRegister>:
 314:	90 e0       	ldi	r25, 0x00	; 0
 316:	fc 01       	movw	r30, r24
 318:	31 97       	sbiw	r30, 0x01	; 1
 31a:	e4 31       	cpi	r30, 0x14	; 20
 31c:	f1 05       	cpc	r31, r1
 31e:	30 f4       	brcc	.+12     	; 0x32c <ATtiny861_GpioMap_GetPortRegister+0x18>
 320:	e9 5d       	subi	r30, 0xD9	; 217
 322:	ff 4f       	sbci	r31, 0xFF	; 255
 324:	09 94       	ijmp
 326:	8b e3       	ldi	r24, 0x3B	; 59
 328:	90 e0       	ldi	r25, 0x00	; 0
 32a:	08 95       	ret
 32c:	80 e0       	ldi	r24, 0x00	; 0
 32e:	90 e0       	ldi	r25, 0x00	; 0
 330:	08 95       	ret
 332:	88 e3       	ldi	r24, 0x38	; 56
 334:	90 e0       	ldi	r25, 0x00	; 0
 336:	08 95       	ret

00000338 <ATtiny861_GpioMap_GetDdrBit>:
 338:	81 50       	subi	r24, 0x01	; 1
 33a:	84 31       	cpi	r24, 0x14	; 20
 33c:	30 f4       	brcc	.+12     	; 0x34a <ATtiny861_GpioMap_GetDdrBit+0x12>
 33e:	e8 2f       	mov	r30, r24
 340:	f0 e0       	ldi	r31, 0x00	; 0
 342:	e2 57       	subi	r30, 0x72	; 114
 344:	ff 4f       	sbci	r31, 0xFF	; 255
 346:	80 81       	ld	r24, Z
 348:	08 95       	ret
 34a:	8f ef       	ldi	r24, 0xFF	; 255
 34c:	08 95       	ret

0000034e <ATtiny861_GpioMap_GetPortBit>:
 34e:	81 50       	subi	r24, 0x01	; 1
 350:	84 31       	cpi	r24, 0x14	; 20
 352:	30 f4       	brcc	.+12     	; 0x360 <ATtiny861_GpioMap_GetPortBit+0x12>
 354:	e8 2f       	mov	r30, r24
 356:	f0 e0       	ldi	r31, 0x00	; 0
 358:	e6 58       	subi	r30, 0x86	; 134
 35a:	ff 4f       	sbci	r31, 0xFF	; 255
 35c:	80 81       	ld	r24, Z
 35e:	08 95       	ret
 360:	8f ef       	ldi	r24, 0xFF	; 255
 362:	08 95       	ret

00000364 <ATtiny861_GpioMap_GetPinRegister>:
 364:	90 e0       	ldi	r25, 0x00	; 0
 366:	fc 01       	movw	r30, r24
 368:	31 97       	sbiw	r30, 0x01	; 1
 36a:	e4 31       	cpi	r30, 0x14	; 20
 36c:	f1 05       	cpc	r31, r1
 36e:	30 f4       	brcc	.+12     	; 0x37c <ATtiny861_GpioMap_GetPinRegister+0x18>
 370:	e5 5c       	subi	r30, 0xC5	; 197
 372:	ff 4f       	sbci	r31, 0xFF	; 255
 374:	09 94       	ijmp
 376:	89 e3       	ldi	r24, 0x39	; 57
 378:	90 e0       	ldi	r25, 0x00	; 0
 37a:	08 95       	ret
 37c:	80 e0       	ldi	r24, 0x00	; 0
 37e:	90 e0       	ldi	r25, 0x00	; 0
 380:	08 95       	ret
 382:	86 e3       	ldi	r24, 0x36	; 54
 384:	90 e0       	ldi	r25, 0x00	; 0
 386:	08 95       	ret

00000388 <ATtiny861_GpioMap_GetPinBit>:
 388:	81 50       	subi	r24, 0x01	; 1
 38a:	84 31       	cpi	r24, 0x14	; 20
 38c:	30 f4       	brcc	.+12     	; 0x39a <ATtiny861_GpioMap_GetPinBit+0x12>
 38e:	e8 2f       	mov	r30, r24
 390:	f0 e0       	ldi	r31, 0x00	; 0
 392:	ea 59       	subi	r30, 0x9A	; 154
 394:	ff 4f       	sbci	r31, 0xFF	; 255
 396:	80 81       	ld	r24, Z
 398:	08 95       	ret
 39a:	8f ef       	ldi	r24, 0xFF	; 255
 39c:	08 95       	ret

0000039e <ATtiny861_Timer0_Create>:
 39e:	00 97       	sbiw	r24, 0x00	; 0
 3a0:	79 f0       	breq	.+30     	; 0x3c0 <ATtiny861_Timer0_Create+0x22>
 3a2:	a8 9a       	sbi	0x15, 0	; 21
 3a4:	29 b7       	in	r18, 0x39	; 57
 3a6:	20 61       	ori	r18, 0x10	; 16
 3a8:	29 bf       	out	0x39, r18	; 57
 3aa:	fc 01       	movw	r30, r24
 3ac:	21 81       	ldd	r18, Z+1	; 0x01
 3ae:	23 bb       	out	0x13, r18	; 19
 3b0:	80 81       	ld	r24, Z
 3b2:	90 e0       	ldi	r25, 0x00	; 0
 3b4:	90 93 a9 00 	sts	0x00A9, r25
 3b8:	80 93 a8 00 	sts	0x00A8, r24
 3bc:	80 e0       	ldi	r24, 0x00	; 0
 3be:	08 95       	ret
 3c0:	8f ef       	ldi	r24, 0xFF	; 255
 3c2:	08 95       	ret

000003c4 <ATtiny861_Timer0_Start>:
 3c4:	80 91 a8 00 	lds	r24, 0x00A8
 3c8:	90 91 a9 00 	lds	r25, 0x00A9
 3cc:	81 30       	cpi	r24, 0x01	; 1
 3ce:	91 05       	cpc	r25, r1
 3d0:	29 f0       	breq	.+10     	; 0x3dc <ATtiny861_Timer0_Start+0x18>
 3d2:	05 97       	sbiw	r24, 0x05	; 5
 3d4:	61 f4       	brne	.+24     	; 0x3ee <ATtiny861_Timer0_Start+0x2a>
 3d6:	83 b7       	in	r24, 0x33	; 51
 3d8:	84 60       	ori	r24, 0x04	; 4
 3da:	02 c0       	rjmp	.+4      	; 0x3e0 <ATtiny861_Timer0_Start+0x1c>
 3dc:	83 b7       	in	r24, 0x33	; 51
 3de:	8b 7f       	andi	r24, 0xFB	; 251
 3e0:	83 bf       	out	0x33, r24	; 51
 3e2:	83 b7       	in	r24, 0x33	; 51
 3e4:	8d 7f       	andi	r24, 0xFD	; 253
 3e6:	83 bf       	out	0x33, r24	; 51
 3e8:	83 b7       	in	r24, 0x33	; 51
 3ea:	81 60       	ori	r24, 0x01	; 1
 3ec:	83 bf       	out	0x33, r24	; 51
 3ee:	80 e0       	ldi	r24, 0x00	; 0
 3f0:	08 95       	ret

000003f2 <ATtiny861_Timer0_RegisterCallback_MatchA>:
 3f2:	90 93 a7 00 	sts	0x00A7, r25
 3f6:	80 93 a6 00 	sts	0x00A6, r24
 3fa:	80 e0       	ldi	r24, 0x00	; 0
 3fc:	08 95       	ret

000003fe <__vector_14>:
 3fe:	1f 92       	push	r1
 400:	0f 92       	push	r0
 402:	0f b6       	in	r0, 0x3f	; 63
 404:	0f 92       	push	r0
 406:	11 24       	eor	r1, r1
 408:	2f 93       	push	r18
 40a:	3f 93       	push	r19
 40c:	4f 93       	push	r20
 40e:	5f 93       	push	r21
 410:	6f 93       	push	r22
 412:	7f 93       	push	r23
 414:	8f 93       	push	r24
 416:	9f 93       	push	r25
 418:	af 93       	push	r26
 41a:	bf 93       	push	r27
 41c:	ef 93       	push	r30
 41e:	ff 93       	push	r31
 420:	e0 91 a6 00 	lds	r30, 0x00A6
 424:	f0 91 a7 00 	lds	r31, 0x00A7
 428:	30 97       	sbiw	r30, 0x00	; 0
 42a:	09 f0       	breq	.+2      	; 0x42e <__vector_14+0x30>
 42c:	09 95       	icall
 42e:	ff 91       	pop	r31
 430:	ef 91       	pop	r30
 432:	bf 91       	pop	r27
 434:	af 91       	pop	r26
 436:	9f 91       	pop	r25
 438:	8f 91       	pop	r24
 43a:	7f 91       	pop	r23
 43c:	6f 91       	pop	r22
 43e:	5f 91       	pop	r21
 440:	4f 91       	pop	r20
 442:	3f 91       	pop	r19
 444:	2f 91       	pop	r18
 446:	0f 90       	pop	r0
 448:	0f be       	out	0x3f, r0	; 63
 44a:	0f 90       	pop	r0
 44c:	1f 90       	pop	r1
 44e:	18 95       	reti

00000450 <main>:
 450:	cf 93       	push	r28
 452:	df 93       	push	r29
 454:	00 d0       	rcall	.+0      	; 0x456 <main+0x6>
 456:	cd b7       	in	r28, 0x3d	; 61
 458:	de b7       	in	r29, 0x3e	; 62
 45a:	85 e0       	ldi	r24, 0x05	; 5
 45c:	89 83       	std	Y+1, r24	; 0x01
 45e:	81 e6       	ldi	r24, 0x61	; 97
 460:	8a 83       	std	Y+2, r24	; 0x02
 462:	ce 01       	movw	r24, r28
 464:	01 96       	adiw	r24, 0x01	; 1
 466:	9b df       	rcall	.-202    	; 0x39e <ATtiny861_Timer0_Create>
 468:	8b e6       	ldi	r24, 0x6B	; 107
 46a:	90 e0       	ldi	r25, 0x00	; 0
 46c:	c2 df       	rcall	.-124    	; 0x3f2 <ATtiny861_Timer0_RegisterCallback_MatchA>
 46e:	8c e0       	ldi	r24, 0x0C	; 12
 470:	3c de       	rcall	.-904    	; 0xea <Led_Create>
 472:	90 93 a5 00 	sts	0x00A5, r25
 476:	80 93 a4 00 	sts	0x00A4, r24
 47a:	89 2b       	or	r24, r25
 47c:	91 f0       	breq	.+36     	; 0x4a2 <main+0x52>
 47e:	8b e0       	ldi	r24, 0x0B	; 11
 480:	34 de       	rcall	.-920    	; 0xea <Led_Create>
 482:	90 93 a3 00 	sts	0x00A3, r25
 486:	80 93 a2 00 	sts	0x00A2, r24
 48a:	89 2b       	or	r24, r25
 48c:	51 f0       	breq	.+20     	; 0x4a2 <main+0x52>
 48e:	80 91 a4 00 	lds	r24, 0x00A4
 492:	90 91 a5 00 	lds	r25, 0x00A5
 496:	58 de       	rcall	.-848    	; 0x148 <Led_TurnOn>
 498:	81 11       	cpse	r24, r1
 49a:	03 c0       	rjmp	.+6      	; 0x4a2 <main+0x52>
 49c:	93 df       	rcall	.-218    	; 0x3c4 <ATtiny861_Timer0_Start>
 49e:	78 94       	sei
 4a0:	ff cf       	rjmp	.-2      	; 0x4a0 <main+0x50>
 4a2:	8f ef       	ldi	r24, 0xFF	; 255
 4a4:	9f ef       	ldi	r25, 0xFF	; 255
 4a6:	0f 90       	pop	r0
 4a8:	0f 90       	pop	r0
 4aa:	df 91       	pop	r29
 4ac:	cf 91       	pop	r28
 4ae:	08 95       	ret

000004b0 <calloc>:
 4b0:	0f 93       	push	r16
 4b2:	1f 93       	push	r17
 4b4:	cf 93       	push	r28
 4b6:	df 93       	push	r29
 4b8:	3d d1       	rcall	.+634    	; 0x734 <__mulhi3>
 4ba:	8c 01       	movw	r16, r24
 4bc:	0d d0       	rcall	.+26     	; 0x4d8 <malloc>
 4be:	ec 01       	movw	r28, r24
 4c0:	00 97       	sbiw	r24, 0x00	; 0
 4c2:	21 f0       	breq	.+8      	; 0x4cc <calloc+0x1c>
 4c4:	a8 01       	movw	r20, r16
 4c6:	60 e0       	ldi	r22, 0x00	; 0
 4c8:	70 e0       	ldi	r23, 0x00	; 0
 4ca:	2d d1       	rcall	.+602    	; 0x726 <memset>
 4cc:	ce 01       	movw	r24, r28
 4ce:	df 91       	pop	r29
 4d0:	cf 91       	pop	r28
 4d2:	1f 91       	pop	r17
 4d4:	0f 91       	pop	r16
 4d6:	08 95       	ret

000004d8 <malloc>:
 4d8:	cf 93       	push	r28
 4da:	df 93       	push	r29
 4dc:	82 30       	cpi	r24, 0x02	; 2
 4de:	91 05       	cpc	r25, r1
 4e0:	10 f4       	brcc	.+4      	; 0x4e6 <malloc+0xe>
 4e2:	82 e0       	ldi	r24, 0x02	; 2
 4e4:	90 e0       	ldi	r25, 0x00	; 0
 4e6:	e0 91 ac 00 	lds	r30, 0x00AC
 4ea:	f0 91 ad 00 	lds	r31, 0x00AD
 4ee:	20 e0       	ldi	r18, 0x00	; 0
 4f0:	30 e0       	ldi	r19, 0x00	; 0
 4f2:	a0 e0       	ldi	r26, 0x00	; 0
 4f4:	b0 e0       	ldi	r27, 0x00	; 0
 4f6:	30 97       	sbiw	r30, 0x00	; 0
 4f8:	39 f1       	breq	.+78     	; 0x548 <malloc+0x70>
 4fa:	40 81       	ld	r20, Z
 4fc:	51 81       	ldd	r21, Z+1	; 0x01
 4fe:	48 17       	cp	r20, r24
 500:	59 07       	cpc	r21, r25
 502:	b8 f0       	brcs	.+46     	; 0x532 <malloc+0x5a>
 504:	48 17       	cp	r20, r24
 506:	59 07       	cpc	r21, r25
 508:	71 f4       	brne	.+28     	; 0x526 <malloc+0x4e>
 50a:	82 81       	ldd	r24, Z+2	; 0x02
 50c:	93 81       	ldd	r25, Z+3	; 0x03
 50e:	10 97       	sbiw	r26, 0x00	; 0
 510:	29 f0       	breq	.+10     	; 0x51c <malloc+0x44>
 512:	13 96       	adiw	r26, 0x03	; 3
 514:	9c 93       	st	X, r25
 516:	8e 93       	st	-X, r24
 518:	12 97       	sbiw	r26, 0x02	; 2
 51a:	2c c0       	rjmp	.+88     	; 0x574 <malloc+0x9c>
 51c:	90 93 ad 00 	sts	0x00AD, r25
 520:	80 93 ac 00 	sts	0x00AC, r24
 524:	27 c0       	rjmp	.+78     	; 0x574 <malloc+0x9c>
 526:	21 15       	cp	r18, r1
 528:	31 05       	cpc	r19, r1
 52a:	31 f0       	breq	.+12     	; 0x538 <malloc+0x60>
 52c:	42 17       	cp	r20, r18
 52e:	53 07       	cpc	r21, r19
 530:	18 f0       	brcs	.+6      	; 0x538 <malloc+0x60>
 532:	a9 01       	movw	r20, r18
 534:	db 01       	movw	r26, r22
 536:	01 c0       	rjmp	.+2      	; 0x53a <malloc+0x62>
 538:	ef 01       	movw	r28, r30
 53a:	9a 01       	movw	r18, r20
 53c:	bd 01       	movw	r22, r26
 53e:	df 01       	movw	r26, r30
 540:	02 80       	ldd	r0, Z+2	; 0x02
 542:	f3 81       	ldd	r31, Z+3	; 0x03
 544:	e0 2d       	mov	r30, r0
 546:	d7 cf       	rjmp	.-82     	; 0x4f6 <malloc+0x1e>
 548:	21 15       	cp	r18, r1
 54a:	31 05       	cpc	r19, r1
 54c:	f9 f0       	breq	.+62     	; 0x58c <malloc+0xb4>
 54e:	28 1b       	sub	r18, r24
 550:	39 0b       	sbc	r19, r25
 552:	24 30       	cpi	r18, 0x04	; 4
 554:	31 05       	cpc	r19, r1
 556:	80 f4       	brcc	.+32     	; 0x578 <malloc+0xa0>
 558:	8a 81       	ldd	r24, Y+2	; 0x02
 55a:	9b 81       	ldd	r25, Y+3	; 0x03
 55c:	61 15       	cp	r22, r1
 55e:	71 05       	cpc	r23, r1
 560:	21 f0       	breq	.+8      	; 0x56a <malloc+0x92>
 562:	fb 01       	movw	r30, r22
 564:	93 83       	std	Z+3, r25	; 0x03
 566:	82 83       	std	Z+2, r24	; 0x02
 568:	04 c0       	rjmp	.+8      	; 0x572 <malloc+0x9a>
 56a:	90 93 ad 00 	sts	0x00AD, r25
 56e:	80 93 ac 00 	sts	0x00AC, r24
 572:	fe 01       	movw	r30, r28
 574:	32 96       	adiw	r30, 0x02	; 2
 576:	44 c0       	rjmp	.+136    	; 0x600 <malloc+0x128>
 578:	fe 01       	movw	r30, r28
 57a:	e2 0f       	add	r30, r18
 57c:	f3 1f       	adc	r31, r19
 57e:	81 93       	st	Z+, r24
 580:	91 93       	st	Z+, r25
 582:	22 50       	subi	r18, 0x02	; 2
 584:	31 09       	sbc	r19, r1
 586:	39 83       	std	Y+1, r19	; 0x01
 588:	28 83       	st	Y, r18
 58a:	3a c0       	rjmp	.+116    	; 0x600 <malloc+0x128>
 58c:	20 91 aa 00 	lds	r18, 0x00AA
 590:	30 91 ab 00 	lds	r19, 0x00AB
 594:	23 2b       	or	r18, r19
 596:	41 f4       	brne	.+16     	; 0x5a8 <malloc+0xd0>
 598:	20 91 62 00 	lds	r18, 0x0062
 59c:	30 91 63 00 	lds	r19, 0x0063
 5a0:	30 93 ab 00 	sts	0x00AB, r19
 5a4:	20 93 aa 00 	sts	0x00AA, r18
 5a8:	20 91 60 00 	lds	r18, 0x0060
 5ac:	30 91 61 00 	lds	r19, 0x0061
 5b0:	21 15       	cp	r18, r1
 5b2:	31 05       	cpc	r19, r1
 5b4:	41 f4       	brne	.+16     	; 0x5c6 <malloc+0xee>
 5b6:	2d b7       	in	r18, 0x3d	; 61
 5b8:	3e b7       	in	r19, 0x3e	; 62
 5ba:	40 91 64 00 	lds	r20, 0x0064
 5be:	50 91 65 00 	lds	r21, 0x0065
 5c2:	24 1b       	sub	r18, r20
 5c4:	35 0b       	sbc	r19, r21
 5c6:	e0 91 aa 00 	lds	r30, 0x00AA
 5ca:	f0 91 ab 00 	lds	r31, 0x00AB
 5ce:	e2 17       	cp	r30, r18
 5d0:	f3 07       	cpc	r31, r19
 5d2:	a0 f4       	brcc	.+40     	; 0x5fc <malloc+0x124>
 5d4:	2e 1b       	sub	r18, r30
 5d6:	3f 0b       	sbc	r19, r31
 5d8:	28 17       	cp	r18, r24
 5da:	39 07       	cpc	r19, r25
 5dc:	78 f0       	brcs	.+30     	; 0x5fc <malloc+0x124>
 5de:	ac 01       	movw	r20, r24
 5e0:	4e 5f       	subi	r20, 0xFE	; 254
 5e2:	5f 4f       	sbci	r21, 0xFF	; 255
 5e4:	24 17       	cp	r18, r20
 5e6:	35 07       	cpc	r19, r21
 5e8:	48 f0       	brcs	.+18     	; 0x5fc <malloc+0x124>
 5ea:	4e 0f       	add	r20, r30
 5ec:	5f 1f       	adc	r21, r31
 5ee:	50 93 ab 00 	sts	0x00AB, r21
 5f2:	40 93 aa 00 	sts	0x00AA, r20
 5f6:	81 93       	st	Z+, r24
 5f8:	91 93       	st	Z+, r25
 5fa:	02 c0       	rjmp	.+4      	; 0x600 <malloc+0x128>
 5fc:	e0 e0       	ldi	r30, 0x00	; 0
 5fe:	f0 e0       	ldi	r31, 0x00	; 0
 600:	cf 01       	movw	r24, r30
 602:	df 91       	pop	r29
 604:	cf 91       	pop	r28
 606:	08 95       	ret

00000608 <free>:
 608:	cf 93       	push	r28
 60a:	df 93       	push	r29
 60c:	00 97       	sbiw	r24, 0x00	; 0
 60e:	09 f4       	brne	.+2      	; 0x612 <free+0xa>
 610:	87 c0       	rjmp	.+270    	; 0x720 <free+0x118>
 612:	fc 01       	movw	r30, r24
 614:	32 97       	sbiw	r30, 0x02	; 2
 616:	13 82       	std	Z+3, r1	; 0x03
 618:	12 82       	std	Z+2, r1	; 0x02
 61a:	c0 91 ac 00 	lds	r28, 0x00AC
 61e:	d0 91 ad 00 	lds	r29, 0x00AD
 622:	20 97       	sbiw	r28, 0x00	; 0
 624:	81 f4       	brne	.+32     	; 0x646 <free+0x3e>
 626:	20 81       	ld	r18, Z
 628:	31 81       	ldd	r19, Z+1	; 0x01
 62a:	28 0f       	add	r18, r24
 62c:	39 1f       	adc	r19, r25
 62e:	80 91 aa 00 	lds	r24, 0x00AA
 632:	90 91 ab 00 	lds	r25, 0x00AB
 636:	82 17       	cp	r24, r18
 638:	93 07       	cpc	r25, r19
 63a:	79 f5       	brne	.+94     	; 0x69a <free+0x92>
 63c:	f0 93 ab 00 	sts	0x00AB, r31
 640:	e0 93 aa 00 	sts	0x00AA, r30
 644:	6d c0       	rjmp	.+218    	; 0x720 <free+0x118>
 646:	de 01       	movw	r26, r28
 648:	20 e0       	ldi	r18, 0x00	; 0
 64a:	30 e0       	ldi	r19, 0x00	; 0
 64c:	ae 17       	cp	r26, r30
 64e:	bf 07       	cpc	r27, r31
 650:	50 f4       	brcc	.+20     	; 0x666 <free+0x5e>
 652:	12 96       	adiw	r26, 0x02	; 2
 654:	4d 91       	ld	r20, X+
 656:	5c 91       	ld	r21, X
 658:	13 97       	sbiw	r26, 0x03	; 3
 65a:	9d 01       	movw	r18, r26
 65c:	41 15       	cp	r20, r1
 65e:	51 05       	cpc	r21, r1
 660:	09 f1       	breq	.+66     	; 0x6a4 <free+0x9c>
 662:	da 01       	movw	r26, r20
 664:	f3 cf       	rjmp	.-26     	; 0x64c <free+0x44>
 666:	b3 83       	std	Z+3, r27	; 0x03
 668:	a2 83       	std	Z+2, r26	; 0x02
 66a:	40 81       	ld	r20, Z
 66c:	51 81       	ldd	r21, Z+1	; 0x01
 66e:	84 0f       	add	r24, r20
 670:	95 1f       	adc	r25, r21
 672:	8a 17       	cp	r24, r26
 674:	9b 07       	cpc	r25, r27
 676:	71 f4       	brne	.+28     	; 0x694 <free+0x8c>
 678:	8d 91       	ld	r24, X+
 67a:	9c 91       	ld	r25, X
 67c:	11 97       	sbiw	r26, 0x01	; 1
 67e:	84 0f       	add	r24, r20
 680:	95 1f       	adc	r25, r21
 682:	02 96       	adiw	r24, 0x02	; 2
 684:	91 83       	std	Z+1, r25	; 0x01
 686:	80 83       	st	Z, r24
 688:	12 96       	adiw	r26, 0x02	; 2
 68a:	8d 91       	ld	r24, X+
 68c:	9c 91       	ld	r25, X
 68e:	13 97       	sbiw	r26, 0x03	; 3
 690:	93 83       	std	Z+3, r25	; 0x03
 692:	82 83       	std	Z+2, r24	; 0x02
 694:	21 15       	cp	r18, r1
 696:	31 05       	cpc	r19, r1
 698:	29 f4       	brne	.+10     	; 0x6a4 <free+0x9c>
 69a:	f0 93 ad 00 	sts	0x00AD, r31
 69e:	e0 93 ac 00 	sts	0x00AC, r30
 6a2:	3e c0       	rjmp	.+124    	; 0x720 <free+0x118>
 6a4:	d9 01       	movw	r26, r18
 6a6:	13 96       	adiw	r26, 0x03	; 3
 6a8:	fc 93       	st	X, r31
 6aa:	ee 93       	st	-X, r30
 6ac:	12 97       	sbiw	r26, 0x02	; 2
 6ae:	4d 91       	ld	r20, X+
 6b0:	5d 91       	ld	r21, X+
 6b2:	a4 0f       	add	r26, r20
 6b4:	b5 1f       	adc	r27, r21
 6b6:	ea 17       	cp	r30, r26
 6b8:	fb 07       	cpc	r31, r27
 6ba:	79 f4       	brne	.+30     	; 0x6da <free+0xd2>
 6bc:	80 81       	ld	r24, Z
 6be:	91 81       	ldd	r25, Z+1	; 0x01
 6c0:	84 0f       	add	r24, r20
 6c2:	95 1f       	adc	r25, r21
 6c4:	02 96       	adiw	r24, 0x02	; 2
 6c6:	d9 01       	movw	r26, r18
 6c8:	11 96       	adiw	r26, 0x01	; 1
 6ca:	9c 93       	st	X, r25
 6cc:	8e 93       	st	-X, r24
 6ce:	82 81       	ldd	r24, Z+2	; 0x02
 6d0:	93 81       	ldd	r25, Z+3	; 0x03
 6d2:	13 96       	adiw	r26, 0x03	; 3
 6d4:	9c 93       	st	X, r25
 6d6:	8e 93       	st	-X, r24
 6d8:	12 97       	sbiw	r26, 0x02	; 2
 6da:	e0 e0       	ldi	r30, 0x00	; 0
 6dc:	f0 e0       	ldi	r31, 0x00	; 0
 6de:	8a 81       	ldd	r24, Y+2	; 0x02
 6e0:	9b 81       	ldd	r25, Y+3	; 0x03
 6e2:	00 97       	sbiw	r24, 0x00	; 0
 6e4:	19 f0       	breq	.+6      	; 0x6ec <free+0xe4>
 6e6:	fe 01       	movw	r30, r28
 6e8:	ec 01       	movw	r28, r24
 6ea:	f9 cf       	rjmp	.-14     	; 0x6de <free+0xd6>
 6ec:	ce 01       	movw	r24, r28
 6ee:	02 96       	adiw	r24, 0x02	; 2
 6f0:	28 81       	ld	r18, Y
 6f2:	39 81       	ldd	r19, Y+1	; 0x01
 6f4:	82 0f       	add	r24, r18
 6f6:	93 1f       	adc	r25, r19
 6f8:	20 91 aa 00 	lds	r18, 0x00AA
 6fc:	30 91 ab 00 	lds	r19, 0x00AB
 700:	28 17       	cp	r18, r24
 702:	39 07       	cpc	r19, r25
 704:	69 f4       	brne	.+26     	; 0x720 <free+0x118>
 706:	30 97       	sbiw	r30, 0x00	; 0
 708:	29 f4       	brne	.+10     	; 0x714 <free+0x10c>
 70a:	10 92 ad 00 	sts	0x00AD, r1
 70e:	10 92 ac 00 	sts	0x00AC, r1
 712:	02 c0       	rjmp	.+4      	; 0x718 <free+0x110>
 714:	13 82       	std	Z+3, r1	; 0x03
 716:	12 82       	std	Z+2, r1	; 0x02
 718:	d0 93 ab 00 	sts	0x00AB, r29
 71c:	c0 93 aa 00 	sts	0x00AA, r28
 720:	df 91       	pop	r29
 722:	cf 91       	pop	r28
 724:	08 95       	ret

00000726 <memset>:
 726:	dc 01       	movw	r26, r24
 728:	01 c0       	rjmp	.+2      	; 0x72c <memset+0x6>
 72a:	6d 93       	st	X+, r22
 72c:	41 50       	subi	r20, 0x01	; 1
 72e:	50 40       	sbci	r21, 0x00	; 0
 730:	e0 f7       	brcc	.-8      	; 0x72a <memset+0x4>
 732:	08 95       	ret

00000734 <__mulhi3>:
 734:	00 24       	eor	r0, r0
 736:	55 27       	eor	r21, r21
 738:	04 c0       	rjmp	.+8      	; 0x742 <__mulhi3+0xe>
 73a:	08 0e       	add	r0, r24
 73c:	59 1f       	adc	r21, r25
 73e:	88 0f       	add	r24, r24
 740:	99 1f       	adc	r25, r25
 742:	00 97       	sbiw	r24, 0x00	; 0
 744:	29 f0       	breq	.+10     	; 0x750 <__mulhi3+0x1c>
 746:	76 95       	lsr	r23
 748:	67 95       	ror	r22
 74a:	b8 f3       	brcs	.-18     	; 0x73a <__mulhi3+0x6>
 74c:	71 05       	cpc	r23, r1
 74e:	b9 f7       	brne	.-18     	; 0x73e <__mulhi3+0xa>
 750:	80 2d       	mov	r24, r0
 752:	95 2f       	mov	r25, r21
 754:	08 95       	ret

00000756 <_exit>:
 756:	f8 94       	cli

00000758 <__stop_program>:
 758:	ff cf       	rjmp	.-2      	; 0x758 <__stop_program>
