
/home/kevin/coding/c/led_controller/build_avr/bin/Avr_Led_BlinkTwo.elf:     file format elf32-avr

Sections:
Idx Name          Size      VMA       LMA       File off  Algn
  0 .text         00000074  00000000  00000000  00000054  2**1
                  CONTENTS, ALLOC, LOAD, READONLY, CODE
  1 .comment      00000030  00000000  00000000  000000c8  2**0
                  CONTENTS, READONLY

Disassembly of section .text:

00000000 <__vectors>:
   0:	12 c0       	rjmp	.+36     	; 0x26 <__ctors_end>
   2:	19 c0       	rjmp	.+50     	; 0x36 <__bad_interrupt>
   4:	18 c0       	rjmp	.+48     	; 0x36 <__bad_interrupt>
   6:	17 c0       	rjmp	.+46     	; 0x36 <__bad_interrupt>
   8:	16 c0       	rjmp	.+44     	; 0x36 <__bad_interrupt>
   a:	15 c0       	rjmp	.+42     	; 0x36 <__bad_interrupt>
   c:	14 c0       	rjmp	.+40     	; 0x36 <__bad_interrupt>
   e:	13 c0       	rjmp	.+38     	; 0x36 <__bad_interrupt>
  10:	12 c0       	rjmp	.+36     	; 0x36 <__bad_interrupt>
  12:	11 c0       	rjmp	.+34     	; 0x36 <__bad_interrupt>
  14:	10 c0       	rjmp	.+32     	; 0x36 <__bad_interrupt>
  16:	0f c0       	rjmp	.+30     	; 0x36 <__bad_interrupt>
  18:	0e c0       	rjmp	.+28     	; 0x36 <__bad_interrupt>
  1a:	0d c0       	rjmp	.+26     	; 0x36 <__bad_interrupt>
  1c:	0d c0       	rjmp	.+26     	; 0x38 <__vector_14>
  1e:	0b c0       	rjmp	.+22     	; 0x36 <__bad_interrupt>
  20:	0a c0       	rjmp	.+20     	; 0x36 <__bad_interrupt>
  22:	09 c0       	rjmp	.+18     	; 0x36 <__bad_interrupt>
  24:	08 c0       	rjmp	.+16     	; 0x36 <__bad_interrupt>

00000026 <__ctors_end>:
  26:	11 24       	eor	r1, r1
  28:	1f be       	out	0x3f, r1	; 63
  2a:	cf e5       	ldi	r28, 0x5F	; 95
  2c:	d2 e0       	ldi	r29, 0x02	; 2
  2e:	de bf       	out	0x3e, r29	; 62
  30:	cd bf       	out	0x3d, r28	; 61
  32:	0e d0       	rcall	.+28     	; 0x50 <main>
  34:	1d c0       	rjmp	.+58     	; 0x70 <_exit>

00000036 <__bad_interrupt>:
  36:	e4 cf       	rjmp	.-56     	; 0x0 <__vectors>

00000038 <__vector_14>:
  38:	1f 92       	push	r1
  3a:	0f 92       	push	r0
  3c:	0f b6       	in	r0, 0x3f	; 63
  3e:	0f 92       	push	r0
  40:	11 24       	eor	r1, r1
  42:	ce 9a       	sbi	0x19, 6	; 25
  44:	cf 9a       	sbi	0x19, 7	; 25
  46:	0f 90       	pop	r0
  48:	0f be       	out	0x3f, r0	; 63
  4a:	0f 90       	pop	r0
  4c:	1f 90       	pop	r1
  4e:	18 95       	reti

00000050 <main>:
  50:	af 98       	cbi	0x15, 7	; 21
  52:	a8 9a       	sbi	0x15, 0	; 21
  54:	89 b7       	in	r24, 0x39	; 57
  56:	80 61       	ori	r24, 0x10	; 16
  58:	89 bf       	out	0x39, r24	; 57
  5a:	8f ef       	ldi	r24, 0xFF	; 255
  5c:	83 bb       	out	0x13, r24	; 19
  5e:	d6 9a       	sbi	0x1a, 6	; 26
  60:	de 9a       	sbi	0x1b, 6	; 27
  62:	d7 9a       	sbi	0x1a, 7	; 26
  64:	df 98       	cbi	0x1b, 7	; 27
  66:	83 b7       	in	r24, 0x33	; 51
  68:	85 60       	ori	r24, 0x05	; 5
  6a:	83 bf       	out	0x33, r24	; 51
  6c:	78 94       	sei
  6e:	ff cf       	rjmp	.-2      	; 0x6e <main+0x1e>

00000070 <_exit>:
  70:	f8 94       	cli

00000072 <__stop_program>:
  72:	ff cf       	rjmp	.-2      	; 0x72 <__stop_program>
