
/home/kevin/coding/c/led_controller/build_avr/bin/Avr_SetBit.elf:     file format elf32-avr

Sections:
Idx Name          Size      VMA       LMA       File off  Algn
  0 .text         0000004a  00000000  00000000  00000054  2**1
                  CONTENTS, ALLOC, LOAD, READONLY, CODE
  1 .comment      00000030  00000000  00000000  0000009e  2**0
                  CONTENTS, READONLY

Disassembly of section .text:

00000000 <__vectors>:
   0:	12 c0       	rjmp	.+36     	; 0x26 <__ctors_end>
   2:	19 c0       	rjmp	.+50     	; 0x36 <__bad_interrupt>
   4:	18 c0       	rjmp	.+48     	; 0x36 <__bad_interrupt>
   6:	17 c0       	rjmp	.+46     	; 0x36 <__bad_interrupt>
   8:	16 c0       	rjmp	.+44     	; 0x36 <__bad_interrupt>
   a:	15 c0       	rjmp	.+42     	; 0x36 <__bad_interrupt>
   c:	14 c0       	rjmp	.+40     	; 0x36 <__bad_interrupt>
   e:	13 c0       	rjmp	.+38     	; 0x36 <__bad_interrupt>
  10:	12 c0       	rjmp	.+36     	; 0x36 <__bad_interrupt>
  12:	11 c0       	rjmp	.+34     	; 0x36 <__bad_interrupt>
  14:	10 c0       	rjmp	.+32     	; 0x36 <__bad_interrupt>
  16:	0f c0       	rjmp	.+30     	; 0x36 <__bad_interrupt>
  18:	0e c0       	rjmp	.+28     	; 0x36 <__bad_interrupt>
  1a:	0d c0       	rjmp	.+26     	; 0x36 <__bad_interrupt>
  1c:	0c c0       	rjmp	.+24     	; 0x36 <__bad_interrupt>
  1e:	0b c0       	rjmp	.+22     	; 0x36 <__bad_interrupt>
  20:	0a c0       	rjmp	.+20     	; 0x36 <__bad_interrupt>
  22:	09 c0       	rjmp	.+18     	; 0x36 <__bad_interrupt>
  24:	08 c0       	rjmp	.+16     	; 0x36 <__bad_interrupt>

00000026 <__ctors_end>:
  26:	11 24       	eor	r1, r1
  28:	1f be       	out	0x3f, r1	; 63
  2a:	cf e5       	ldi	r28, 0x5F	; 95
  2c:	d2 e0       	ldi	r29, 0x02	; 2
  2e:	de bf       	out	0x3e, r29	; 62
  30:	cd bf       	out	0x3d, r28	; 61
  32:	05 d0       	rcall	.+10     	; 0x3e <main>
  34:	08 c0       	rjmp	.+16     	; 0x46 <_exit>

00000036 <__bad_interrupt>:
  36:	e4 cf       	rjmp	.-56     	; 0x0 <__vectors>

00000038 <get_bit_number>:
  38:	86 e0       	ldi	r24, 0x06	; 6
  3a:	90 e0       	ldi	r25, 0x00	; 0
  3c:	08 95       	ret

0000003e <main>:
  3e:	ce 9a       	sbi	0x19, 6	; 25
  40:	80 e0       	ldi	r24, 0x00	; 0
  42:	90 e0       	ldi	r25, 0x00	; 0
  44:	08 95       	ret

00000046 <_exit>:
  46:	f8 94       	cli

00000048 <__stop_program>:
  48:	ff cf       	rjmp	.-2      	; 0x48 <__stop_program>
