
/home/kevin/coding/c/led_controller/build_avr/bin/Avr_SetBit.elf:     file format elf32-avr

Sections:
Idx Name          Size      VMA       LMA       File off  Algn
  0 .text         0000005c  00000000  00000000  00000054  2**1
                  CONTENTS, ALLOC, LOAD, READONLY, CODE
  1 .comment      00000030  00000000  00000000  000000b0  2**0
                  CONTENTS, READONLY

Disassembly of section .text:

00000000 <__vectors>:
   0:	12 c0       	rjmp	.+36     	; 0x26 <__ctors_end>
   2:	19 c0       	rjmp	.+50     	; 0x36 <__bad_interrupt>
   4:	18 c0       	rjmp	.+48     	; 0x36 <__bad_interrupt>
   6:	17 c0       	rjmp	.+46     	; 0x36 <__bad_interrupt>
   8:	16 c0       	rjmp	.+44     	; 0x36 <__bad_interrupt>
   a:	15 c0       	rjmp	.+42     	; 0x36 <__bad_interrupt>
   c:	14 c0       	rjmp	.+40     	; 0x36 <__bad_interrupt>
   e:	13 c0       	rjmp	.+38     	; 0x36 <__bad_interrupt>
  10:	12 c0       	rjmp	.+36     	; 0x36 <__bad_interrupt>
  12:	11 c0       	rjmp	.+34     	; 0x36 <__bad_interrupt>
  14:	10 c0       	rjmp	.+32     	; 0x36 <__bad_interrupt>
  16:	0f c0       	rjmp	.+30     	; 0x36 <__bad_interrupt>
  18:	0e c0       	rjmp	.+28     	; 0x36 <__bad_interrupt>
  1a:	0d c0       	rjmp	.+26     	; 0x36 <__bad_interrupt>
  1c:	0c c0       	rjmp	.+24     	; 0x36 <__bad_interrupt>
  1e:	0b c0       	rjmp	.+22     	; 0x36 <__bad_interrupt>
  20:	0a c0       	rjmp	.+20     	; 0x36 <__bad_interrupt>
  22:	09 c0       	rjmp	.+18     	; 0x36 <__bad_interrupt>
  24:	08 c0       	rjmp	.+16     	; 0x36 <__bad_interrupt>

00000026 <__ctors_end>:
  26:	11 24       	eor	r1, r1
  28:	1f be       	out	0x3f, r1	; 63
  2a:	cf e5       	ldi	r28, 0x5F	; 95
  2c:	d2 e0       	ldi	r29, 0x02	; 2
  2e:	de bf       	out	0x3e, r29	; 62
  30:	cd bf       	out	0x3d, r28	; 61
  32:	05 d0       	rcall	.+10     	; 0x3e <main>
  34:	11 c0       	rjmp	.+34     	; 0x58 <_exit>

00000036 <__bad_interrupt>:
  36:	e4 cf       	rjmp	.-56     	; 0x0 <__vectors>

00000038 <get_bit_number>:
  38:	86 e0       	ldi	r24, 0x06	; 6
  3a:	90 e0       	ldi	r25, 0x00	; 0
  3c:	08 95       	ret

0000003e <main>:
  3e:	fc df       	rcall	.-8      	; 0x38 <get_bit_number>
  40:	99 b3       	in	r25, 0x19	; 25
  42:	21 e0       	ldi	r18, 0x01	; 1
  44:	30 e0       	ldi	r19, 0x00	; 0
  46:	01 c0       	rjmp	.+2      	; 0x4a <__SREG__+0xb>
  48:	22 0f       	add	r18, r18
  4a:	8a 95       	dec	r24
  4c:	ea f7       	brpl	.-6      	; 0x48 <__SREG__+0x9>
  4e:	92 2b       	or	r25, r18
  50:	99 bb       	out	0x19, r25	; 25
  52:	80 e0       	ldi	r24, 0x00	; 0
  54:	90 e0       	ldi	r25, 0x00	; 0
  56:	08 95       	ret

00000058 <_exit>:
  58:	f8 94       	cli

0000005a <__stop_program>:
  5a:	ff cf       	rjmp	.-2      	; 0x5a <__stop_program>
